<?xml version="1.0" encoding="UTF-8"?>
<!-- Generated by org.testng.reporters.JUnitReportReporter -->
<testsuite hostname="localhost.localdomain" name="LoginTest" tests="1" failures="0" timestamp="10 Apr 2018 20:04:19 GMT" time="140.339" errors="0">
  <testcase name="loginTest" time="140.339" classname="LoginTest"/>
</testsuite> <!-- LoginTest -->
