<?xml version="1.0" encoding="UTF-8"?>
<!-- Generated by org.testng.reporters.JUnitReportReporter -->
<testsuite hostname="localhost.localdomain" name="ActionCameraTest" tests="1" failures="0" timestamp="10 Apr 2018 20:04:19 GMT" time="575.093" errors="0">
  <testcase name="actionCameraTest" time="575.093" classname="ActionCameraTest"/>
</testsuite> <!-- ActionCameraTest -->
